<?xml version="1.0" encoding="UTF-8"?>
<!-- Generated by org.testng.reporters.JUnitXMLReporter -->
<testsuite ignored="2" hostname="DESKTOP-OQ3P6LF" failures="0" tests="1" name="Default test" time="44.437" errors="0" timestamp="23 Oct 2024 02:48:10 GMT">
  <testcase classname="testSuites.TestBatches" name="runUserChoice" time="38.63"/>
  <testcase classname="testSuites.TestBatches" name="smokeSuite" time="0.0">
    <ignored/>
  </testcase> <!-- smokeSuite -->
  <testcase classname="testSuites.TestBatches" name="regressionSuite" time="0.0">
    <ignored/>
  </testcase> <!-- regressionSuite -->
</testsuite> <!-- Default test -->
