<?xml version="1.0" encoding="UTF-8"?>
<!-- Generated by org.testng.reporters.JUnitXMLReporter -->
<testsuite ignored="2" hostname="DESKTOP-OQ3P6LF" failures="0" tests="2" name="Smoke Test" time="0.07" errors="0" timestamp="23 Oct 2024 02:12:44 GMT">
  <testcase classname="practiceTestNG.PracticeTestNG" name="bookFlight" time="0.007"/>
  <testcase classname="practiceTestNG.PracticeTestNG" name="bookCar" time="0.004"/>
  <testcase classname="practiceTestNG.PracticeTestNG" name="bookHotel" time="0.0">
    <ignored/>
  </testcase> <!-- bookHotel -->
  <testcase classname="practiceTestNG.PracticeTestNG" name="bookCruise" time="0.0">
    <ignored/>
  </testcase> <!-- bookCruise -->
</testsuite> <!-- Smoke Test -->
